# JRE version: OpenJDK Runtime Environment (8.0_202-b03) (build 1.8.0_202-release-1483-b03)
# Java VM: OpenJDK 64-Bit Server VM (25.202-b03 mixed mode windows-amd64 compressed oops)
Heap:
 PSYoungGen      total 480768K, used 47671K [0x00000000e0000000, 0x00000000ffb00000, 0x0000000100000000)
  eden space 442368K, 7% used [0x00000000e0000000,0x00000000e208f438,0x00000000fb000000)
  from space 38400K, 37% used [0x00000000fb000000,0x00000000fbdfead8,0x00000000fd580000)
  to   space 34816K, 0% used [0x00000000fd900000,0x00000000fd900000,0x00000000ffb00000)
 ParOldGen       total 194560K, used 136856K [0x00000000a0000000, 0x00000000abe00000, 0x00000000e0000000)
  object space 194560K, 70% used [0x00000000a0000000,0x00000000a85a6328,0x00000000abe00000)
 Metaspace       used 123068K, capacity 129498K, committed 129704K, reserved 1163264K
  class space    used 15365K, capacity 16545K, committed 16552K, reserved 1048576K
GC Heap History (10 events):
Event: 2505.968 GC heap before
{Heap before GC invocations=35 (full 4):
 PSYoungGen      total 401408K, used 401403K [0x00000000e0000000, 0x00000000fd080000, 0x0000000100000000)
  eden space 363520K, 100% used [0x00000000e0000000,0x00000000f6300000,0x00000000f6300000)
  from space 37888K, 99% used [0x00000000f8e00000,0x00000000fb2fed60,0x00000000fb300000)
  to   space 44032K, 0% used [0x00000000f6300000,0x00000000f6300000,0x00000000f8e00000)
 ParOldGen       total 194560K, used 92676K [0x00000000a0000000, 0x00000000abe00000, 0x00000000e0000000)
  object space 194560K, 47% used [0x00000000a0000000,0x00000000a5a81170,0x00000000abe00000)
 Metaspace       used 122624K, capacity 129100K, committed 129192K, reserved 1161216K
  class space    used 15360K, capacity 16540K, committed 16552K, reserved 1048576K
Event: 2506.221 GC heap after
Heap after GC invocations=35 (full 4):
 PSYoungGen      total 407552K, used 13771K [0x00000000e0000000, 0x00000000ffb00000, 0x0000000100000000)
  eden space 363520K, 0% used [0x00000000e0000000,0x00000000e0000000,0x00000000f6300000)
  from space 44032K, 31% used [0x00000000f6300000,0x00000000f7072ce0,0x00000000f8e00000)
  to   space 42496K, 0% used [0x00000000fd180000,0x00000000fd180000,0x00000000ffb00000)
 ParOldGen       total 194560K, used 112759K [0x00000000a0000000, 0x00000000abe00000, 0x00000000e0000000)
  object space 194560K, 57% used [0x00000000a0000000,0x00000000a6e1df18,0x00000000abe00000)
 Metaspace       used 122624K, capacity 129100K, committed 129192K, reserved 1161216K
  class space    used 15360K, capacity 16540K, committed 16552K, reserved 1048576K
}
Event: 2513.349 GC heap before
{Heap before GC invocations=36 (full 4):
 PSYoungGen      total 407552K, used 377291K [0x00000000e0000000, 0x00000000ffb00000, 0x0000000100000000)
  eden space 363520K, 100% used [0x00000000e0000000,0x00000000f6300000,0x00000000f6300000)
  from space 44032K, 31% used [0x00000000f6300000,0x00000000f7072ce0,0x00000000f8e00000)
  to   space 42496K, 0% used [0x00000000fd180000,0x00000000fd180000,0x00000000ffb00000)
 ParOldGen       total 194560K, used 112759K [0x00000000a0000000, 0x00000000abe00000, 0x00000000e0000000)
  object space 194560K, 57% used [0x00000000a0000000,0x00000000a6e1df18,0x00000000abe00000)
 Metaspace       used 122778K, capacity 129196K, committed 129448K, reserved 1163264K
  class space    used 15363K, capacity 16544K, committed 16552K, reserved 1048576K
Event: 2513.390 GC heap after
Heap after GC invocations=36 (full 4):
 PSYoungGen      total 465408K, used 8256K [0x00000000e0000000, 0x00000000ff500000, 0x0000000100000000)
  eden space 429056K, 0% used [0x00000000e0000000,0x00000000e0000000,0x00000000fa300000)
  from space 36352K, 22% used [0x00000000fd180000,0x00000000fd990090,0x00000000ff500000)
  to   space 41984K, 0% used [0x00000000fa300000,0x00000000fa300000,0x00000000fcc00000)
 ParOldGen       total 194560K, used 120206K [0x00000000a0000000, 0x00000000abe00000, 0x00000000e0000000)
  object space 194560K, 61% used [0x00000000a0000000,0x00000000a7563870,0x00000000abe00000)
 Metaspace       used 122778K, capacity 129196K, committed 129448K, reserved 1163264K
  class space    used 15363K, capacity 16544K, committed 16552K, reserved 1048576K
}
Event: 2516.024 GC heap before
{Heap before GC invocations=37 (full 4):
 PSYoungGen      total 465408K, used 437312K [0x00000000e0000000, 0x00000000ff500000, 0x0000000100000000)
  eden space 429056K, 100% used [0x00000000e0000000,0x00000000fa300000,0x00000000fa300000)
  from space 36352K, 22% used [0x00000000fd180000,0x00000000fd990090,0x00000000ff500000)
  to   space 41984K, 0% used [0x00000000fa300000,0x00000000fa300000,0x00000000fcc00000)
 ParOldGen       total 194560K, used 120206K [0x00000000a0000000, 0x00000000abe00000, 0x00000000e0000000)
  object space 194560K, 61% used [0x00000000a0000000,0x00000000a7563870,0x00000000abe00000)
 Metaspace       used 122966K, capacity 129410K, committed 129448K, reserved 1163264K
  class space    used 15364K, capacity 16545K, committed 16552K, reserved 1048576K
Event: 2516.060 GC heap after
Heap after GC invocations=37 (full 4):
 PSYoungGen      total 471040K, used 12762K [0x00000000e0000000, 0x0000000100000000, 0x0000000100000000)
  eden space 429056K, 0% used [0x00000000e0000000,0x00000000e0000000,0x00000000fa300000)
  from space 41984K, 30% used [0x00000000fa300000,0x00000000faf769c0,0x00000000fcc00000)
  to   space 39936K, 0% used [0x00000000fd900000,0x00000000fd900000,0x0000000100000000)
 ParOldGen       total 194560K, used 121918K [0x00000000a0000000, 0x00000000abe00000, 0x00000000e0000000)
  object space 194560K, 62% used [0x00000000a0000000,0x00000000a770f878,0x00000000abe00000)
 Metaspace       used 122966K, capacity 129410K, committed 129448K, reserved 1163264K
  class space    used 15364K, capacity 16545K, committed 16552K, reserved 1048576K
}
Event: 2518.214 GC heap before
{Heap before GC invocations=38 (full 4):
 PSYoungGen      total 471040K, used 441818K [0x00000000e0000000, 0x0000000100000000, 0x0000000100000000)
  eden space 429056K, 100% used [0x00000000e0000000,0x00000000fa300000,0x00000000fa300000)
  from space 41984K, 30% used [0x00000000fa300000,0x00000000faf769c0,0x00000000fcc00000)
  to   space 39936K, 0% used [0x00000000fd900000,0x00000000fd900000,0x0000000100000000)
 ParOldGen       total 194560K, used 121918K [0x00000000a0000000, 0x00000000abe00000, 0x00000000e0000000)
  object space 194560K, 62% used [0x00000000a0000000,0x00000000a770f878,0x00000000abe00000)
 Metaspace       used 123030K, capacity 129426K, committed 129448K, reserved 1163264K
  class space    used 15364K, capacity 16545K, committed 16552K, reserved 1048576K
Event: 2518.263 GC heap after
Heap after GC invocations=38 (full 4):
 PSYoungGen      total 477184K, used 13830K [0x00000000e0000000, 0x00000000ffb00000, 0x0000000100000000)
  eden space 442368K, 0% used [0x00000000e0000000,0x00000000e0000000,0x00000000fb000000)
  from space 34816K, 39% used [0x00000000fd900000,0x00000000fe681b38,0x00000000ffb00000)
  to   space 38400K, 0% used [0x00000000fb000000,0x00000000fb000000,0x00000000fd580000)
 ParOldGen       total 194560K, used 129175K [0x00000000a0000000, 0x00000000abe00000, 0x00000000e0000000)
  object space 194560K, 66% used [0x00000000a0000000,0x00000000a7e25f50,0x00000000abe00000)
 Metaspace       used 123030K, capacity 129426K, committed 129448K, reserved 1163264K
  class space    used 15364K, capacity 16545K, committed 16552K, reserved 1048576K
}
Event: 2519.907 GC heap before
{Heap before GC invocations=39 (full 4):
 PSYoungGen      total 477184K, used 456198K [0x00000000e0000000, 0x00000000ffb00000, 0x0000000100000000)
  eden space 442368K, 100% used [0x00000000e0000000,0x00000000fb000000,0x00000000fb000000)
  from space 34816K, 39% used [0x00000000fd900000,0x00000000fe681b38,0x00000000ffb00000)
  to   space 38400K, 0% used [0x00000000fb000000,0x00000000fb000000,0x00000000fd580000)
 ParOldGen       total 194560K, used 129175K [0x00000000a0000000, 0x00000000abe00000, 0x00000000e0000000)
  object space 194560K, 66% used [0x00000000a0000000,0x00000000a7e25f50,0x00000000abe00000)
 Metaspace       used 123065K, capacity 129498K, committed 129704K, reserved 1163264K
  class space    used 15365K, capacity 16545K, committed 16552K, reserved 1048576K
Event: 2520.042 GC heap after
Heap after GC invocations=39 (full 4):
 PSYoungGen      total 480768K, used 14330K [0x00000000e0000000, 0x00000000ffb00000, 0x0000000100000000)
  eden space 442368K, 0% used [0x00000000e0000000,0x00000000e0000000,0x00000000fb000000)
  from space 38400K, 37% used [0x00000000fb000000,0x00000000fbdfead8,0x00000000fd580000)
  to   space 34816K, 0% used [0x00000000fd900000,0x00000000fd900000,0x00000000ffb00000)
 ParOldGen       total 194560K, used 136856K [0x00000000a0000000, 0x00000000abe00000, 0x00000000e0000000)
  object space 194560K, 70% used [0x00000000a0000000,0x00000000a85a6328,0x00000000abe00000)
 Metaspace       used 123065K, capacity 129498K, committed 129704K, reserved 1163264K
  class space    used 15365K, capacity 16545K, committed 16552K, reserved 1048576K
}

